0 info it worked if it ends with ok
1 verbose cli [ '/usr/local/bin/node', '/usr/local/bin/npm', 'install' ]
2 info using npm@2.10.1
3 info using node@v0.12.4
4 verbose config Skipping project config: /home/james/.npmrc. (matches userconfig)
5 verbose readDependencies loading dependencies from /home/james/package.json
6 error install Couldn't read dependencies
7 verbose stack Error: ENOENT, open '/home/james/package.json'
7 verbose stack     at Error (native)
8 verbose cwd /home/james/PhpstormProjects/flapper
9 error Linux 3.19.0-32-generic
10 error argv "/usr/local/bin/node" "/usr/local/bin/npm" "install"
11 error node v0.12.4
12 error npm  v2.10.1
13 error path /home/james/package.json
14 error code ENOPACKAGEJSON
15 error errno -2
16 error package.json ENOENT, open '/home/james/package.json'
16 error package.json This is most likely not a problem with npm itself.
16 error package.json npm can't find a package.json file in your current directory.
17 verbose exit [ -2, true ]
